<?xml version="1.0" encoding="UTF-8"?>
<!-- Generated by org.testng.reporters.JUnitReportReporter -->
<testsuite hostname="AMALPURE2L" failures="0" tests="1" name="org.com.expediaTests.TC_002_SearchForFlights" time="29.686" errors="0" timestamp="31 May 2021 05:01:00 GMT">
  <testcase classname="org.com.expediaTests.TC_002_SearchForFlights" name="searchFlights" time="29.686"/>
</testsuite> <!-- org.com.expediaTests.TC_002_SearchForFlights -->
