<?xml version="1.0" encoding="UTF-8"?>
<!-- Generated by org.testng.reporters.JUnitReportReporter -->
<testsuite hostname="AMALPURE2L" failures="0" tests="1" name="org.com.expediaTests.TC_002_SearchForFlights" time="13.956" errors="0" timestamp="24 May 2021 07:44:58 GMT">
  <testcase classname="org.com.expediaTests.TC_002_SearchForFlights" name="searchFlights" time="13.956"/>
</testsuite> <!-- org.com.expediaTests.TC_002_SearchForFlights -->
