<?xml version="1.0" encoding="UTF-8"?>
<!-- Generated by org.testng.reporters.JUnitReportReporter -->
<testsuite hostname="AMALPURE2L" failures="0" tests="1" name="org.com.expediaTests.TC_002_SearchForFlights" time="5.992" errors="0" timestamp="23 May 2021 14:49:53 GMT">
  <testcase classname="org.com.expediaTests.TC_002_SearchForFlights" name="searchFlights" time="5.992"/>
</testsuite> <!-- org.com.expediaTests.TC_002_SearchForFlights -->
