<?xml version="1.0" encoding="UTF-8"?>
<!-- Generated by org.testng.reporters.JUnitReportReporter -->
<testsuite hostname="AMALPURE2L" failures="0" tests="1" name="org.com.expediaTests.TC_001_ExpediaHomePageVerification" time="0.031" errors="0" timestamp="23 May 2021 06:52:09 GMT">
  <testcase classname="org.com.expediaTests.TC_001_ExpediaHomePageVerification" name="startTest" time="0.031"/>
</testsuite> <!-- org.com.expediaTests.TC_001_ExpediaHomePageVerification -->
